Arguments: 
  /usr/bin/nodejs /usr/local/bin/yarn install

PATH: 
  /home/wilder/.rvm/gems/ruby-2.4.0/bin:/home/wilder/.rvm/gems/ruby-2.4.0@global/bin:/home/wilder/.rvm/rubies/ruby-2.4.0/bin:/home/wilder/bin:/usr/local/bin:/home/wilder/bin:/home/wilder/.local/bin:/usr/local/sbin:/usr/local/bin:/usr/sbin:/usr/bin:/sbin:/bin:/usr/games:/usr/local/games:/snap/bin:/home/wilder/.rvm/bin:/home/wilder/.rvm/bin

Yarn version: 
  0.21.3

Node version: 
  4.2.6

Platform: 
  linux x64

npm manifest: 
  {
      "name": "mean-lineman-server",
      "description": "Just another MEAN Stack",
      "version": "1.0.0",
      "private": true,
      "author": "Jean-Baptiste Pasquier",
      "main": "index.js",
      "scripts": {
          "start": "babel-node index.js",
          "createAdmin": "babel-node ./api/userCreation.js"
      },
      "dependencies": {
          "bcrypt": "",
          "body-parser": "",
          "cors": "",
          "express": "",
          "jsonwebtoken": "",
          "method-override": "",
          "mongoose": "",
          "morgan": ""
      },
      "devDependencies": {
          "babel-cli": "^6.9.0",
          "babel-core": "^6.9.0",
          "babel-preset-es2015": "^6.9.0"
      }
  }

yarn manifest: 
  No manifest

Lockfile: 
  No lockfile

Trace: 
  Error: EACCES: permission denied, open '/home/wilder/.cache/yarn/npm-array-unique-0.2.1-a1d97ccafcbc2625cc70fadceb36a50c58b01a53/package.json'
      at Error (native)
